[2021-11-20 09:00:02] local.ERROR: Undefined variable: divided_date {"exception":"[object] (ErrorException(code: 0): Undefined variable: divided_date at /var/www/html/whoapp.dci.in/app/Http/Controllers/Api/NotificationController.php:167)
[stacktrace]
#0 /var/www/html/whoapp.dci.in/app/Http/Controllers/Api/NotificationController.php(167): Illuminate\\Foundation\\Bootstrap\\HandleExceptions->handleError(8, 'Undefined varia...', '/var/www/html/w...', 167, Array)
#1 /var/www/html/whoapp.dci.in/app/Console/Commands/AchievementNotification.php(42): App\\Http\\Controllers\\Api\\NotificationController->acheievement()
#2 [internal function]: App\\Console\\Commands\\AchievementNotification->handle()
#3 /var/www/html/whoapp.dci.in/vendor/laravel/framework/src/Illuminate/Container/BoundMethod.php(32): call_user_func_array(Array, Array)
#4 /var/www/html/whoapp.dci.in/vendor/laravel/framework/src/Illuminate/Container/BoundMethod.php(90): Illuminate\\Container\\BoundMethod::Illuminate\\Container\\{closure}()
#5 /var/www/html/whoapp.dci.in/vendor/laravel/framework/src/Illuminate/Container/BoundMethod.php(34): Illuminate\\Container\\BoundMethod::callBoundMethod(Object(Illuminate\\Foundation\\Application), Array, Object(Closure))
#6 /var/www/html/whoapp.dci.in/vendor/laravel/framework/src/Illuminate/Container/Container.php(576): Illuminate\\Container\\BoundMethod::call(Object(Illuminate\\Foundation\\Application), Array, Array, NULL)
#7 /var/www/html/whoapp.dci.in/vendor/laravel/framework/src/Illuminate/Console/Command.php(183): Illuminate\\Container\\Container->call(Array)
#8 /var/www/html/whoapp.dci.in/vendor/symfony/console/Command/Command.php(255): Illuminate\\Console\\Command->execute(Object(Symfony\\Component\\Console\\Input\\ArgvInput), Object(Illuminate\\Console\\OutputStyle))
#9 /var/www/html/whoapp.dci.in/vendor/laravel/framework/src/Illuminate/Console/Command.php(170): Symfony\\Component\\Console\\Command\\Command->run(Object(Symfony\\Component\\Console\\Input\\ArgvInput), Object(Illuminate\\Console\\OutputStyle))
#10 /var/www/html/whoapp.dci.in/vendor/symfony/console/Application.php(1009): Illuminate\\Console\\Command->run(Object(Symfony\\Component\\Console\\Input\\ArgvInput), Object(Symfony\\Component\\Console\\Output\\ConsoleOutput))
#11 /var/www/html/whoapp.dci.in/vendor/symfony/console/Application.php(273): Symfony\\Component\\Console\\Application->doRunCommand(Object(App\\Console\\Commands\\AchievementNotification), Object(Symfony\\Component\\Console\\Input\\ArgvInput), Object(Symfony\\Component\\Console\\Output\\ConsoleOutput))
#12 /var/www/html/whoapp.dci.in/vendor/symfony/console/Application.php(149): Symfony\\Component\\Console\\Application->doRun(Object(Symfony\\Component\\Console\\Input\\ArgvInput), Object(Symfony\\Component\\Console\\Output\\ConsoleOutput))
#13 /var/www/html/whoapp.dci.in/vendor/laravel/framework/src/Illuminate/Console/Application.php(90): Symfony\\Component\\Console\\Application->run(Object(Symfony\\Component\\Console\\Input\\ArgvInput), Object(Symfony\\Component\\Console\\Output\\ConsoleOutput))
#14 /var/www/html/whoapp.dci.in/vendor/laravel/framework/src/Illuminate/Foundation/Console/Kernel.php(133): Illuminate\\Console\\Application->run(Object(Symfony\\Component\\Console\\Input\\ArgvInput), Object(Symfony\\Component\\Console\\Output\\ConsoleOutput))
#15 /var/www/html/whoapp.dci.in/artisan(37): Illuminate\\Foundation\\Console\\Kernel->handle(Object(Symfony\\Component\\Console\\Input\\ArgvInput), Object(Symfony\\Component\\Console\\Output\\ConsoleOutput))
#16 {main}
"} 
